<?xml version="1.0" encoding="UTF-8"?>
<!-- Generated by org.testng.reporters.JUnitXMLReporter -->
<testsuite ignored="0" hostname="KetMayu" failures="0" tests="18" name="Test" time="80.465" errors="0" timestamp="2023-08-16T09:53:25 IST">
  <testcase classname="com.qa.Ecommerce.tests.RegisterTest" name="registrationWithMandatoryFields" time="2.144"/>
  <testcase classname="com.qa.Ecommerce.tests.RegisterTest" name="registerWithAllField" time="2.222"/>
  <testcase classname="com.qa.Ecommerce.tests.RegisterTest" name="registerWithoutEnterAnyField" time="1.032"/>
  <testcase classname="com.qa.Ecommerce.tests.LoginTest" name="loginwithValidCredential" time="1.041"/>
  <testcase classname="com.qa.Ecommerce.tests.LoginTest" name="loginwithValidCredential" time="0.986"/>
  <testcase classname="com.qa.Ecommerce.tests.LoginTest" name="loginwithValidCredential" time="0.958"/>
  <testcase classname="com.qa.Ecommerce.tests.LoginTest" name="loginWithInvalidCredential" time="0.787"/>
  <testcase classname="com.qa.Ecommerce.tests.LoginTest" name="LoginInvalidEmailWithValidPassword" time="0.784"/>
  <testcase classname="com.qa.Ecommerce.tests.LoginTest" name="loginValidEmailWithInvalidPassword" time="0.856"/>
  <testcase classname="com.qa.Ecommerce.tests.LoginTest" name="loginWithoutCredential" time="0.462"/>
  <testcase classname="com.qa.Ecommerce.tests.ForgetPasswordTest" name="verifyForgetPassWorking" time="1.147"/>
  <testcase classname="com.qa.Ecommerce.tests.ForgetPasswordTest" name="verifyForgetPasswordWithoutExistingAccount" time="0.951"/>
  <testcase classname="com.qa.Ecommerce.tests.ForgetPasswordTest" name="verifyForgetPasswordFromLoginPageColoum" time="1.325"/>
  <testcase classname="com.qa.Ecommerce.tests.SearchTest" name="searchWithExistingProduct" time="0.704"/>
  <testcase classname="com.qa.Ecommerce.tests.SearchTest" name="searchWithNonExistingProduct" time="0.611"/>
  <testcase classname="com.qa.Ecommerce.tests.SearchTest" name="searchProductAfterLogin" time="1.625"/>
  <testcase classname="com.qa.Ecommerce.tests.SearchTest" name="searchProductWithoutProductName" time="0.442"/>
  <testcase classname="com.qa.Ecommerce.tests.SearchTest" name="searchBoxWithButtonAvailableonAllPage" time="1.006"/>
</testsuite> <!-- Test -->
