<?xml version="1.0" encoding="UTF-8"?>
<testng-results ignored="0" total="18" passed="18" failed="0" skipped="0">
  <reporter-output>
  </reporter-output>
  <suite started-at="2023-08-16T09:52:04 IST" name="Suite" finished-at="2023-08-16T09:53:25 IST" duration-ms="80465">
    <groups>
    </groups>
    <test started-at="2023-08-16T09:52:04 IST" name="Test" finished-at="2023-08-16T09:53:25 IST" duration-ms="80465">
      <class name="com.qa.Ecommerce.tests.LoginTest">
        <test-method is-config="true" signature="setUp()[pri:0, instance:com.qa.Ecommerce.tests.LoginTest@5f8edcc5]" started-at="2023-08-16T09:52:24 IST" name="setUp" finished-at="2023-08-16T09:52:27 IST" duration-ms="2829" status="PASS">
          <reporter-output>
          </reporter-output>
        </test-method> <!-- setUp -->
        <test-method signature="loginwithValidCredential(java.lang.String,java.lang.String)[pri:1, instance:com.qa.Ecommerce.tests.LoginTest@5f8edcc5]" started-at="2023-08-16T09:52:27 IST" name="loginwithValidCredential" data-provider="DataSupplier" finished-at="2023-08-16T09:52:28 IST" duration-ms="1041" status="PASS">
          <params>
            <param index="0">
              <value>
                <![CDATA[Selenium1718@gmail.com]]>
              </value>
            </param>
            <param index="1">
              <value>
                <![CDATA[Selenium@1718]]>
              </value>
            </param>
          </params>
          <reporter-output>
          </reporter-output>
        </test-method> <!-- loginwithValidCredential -->
        <test-method is-config="true" signature="tearDown()[pri:0, instance:com.qa.Ecommerce.tests.LoginTest@5f8edcc5]" started-at="2023-08-16T09:52:28 IST" name="tearDown" finished-at="2023-08-16T09:52:28 IST" duration-ms="117" status="PASS">
          <reporter-output>
          </reporter-output>
        </test-method> <!-- tearDown -->
        <test-method is-config="true" signature="setUp()[pri:0, instance:com.qa.Ecommerce.tests.LoginTest@5f8edcc5]" started-at="2023-08-16T09:52:28 IST" name="setUp" finished-at="2023-08-16T09:52:30 IST" duration-ms="2674" status="PASS">
          <reporter-output>
          </reporter-output>
        </test-method> <!-- setUp -->
        <test-method signature="loginwithValidCredential(java.lang.String,java.lang.String)[pri:1, instance:com.qa.Ecommerce.tests.LoginTest@5f8edcc5]" started-at="2023-08-16T09:52:30 IST" name="loginwithValidCredential" data-provider="DataSupplier" finished-at="2023-08-16T09:52:31 IST" duration-ms="986" status="PASS">
          <params>
            <param index="0">
              <value>
                <![CDATA[selenium77@gmail.com]]>
              </value>
            </param>
            <param index="1">
              <value>
                <![CDATA[selenium77]]>
              </value>
            </param>
          </params>
          <reporter-output>
          </reporter-output>
        </test-method> <!-- loginwithValidCredential -->
        <test-method is-config="true" signature="tearDown()[pri:0, instance:com.qa.Ecommerce.tests.LoginTest@5f8edcc5]" started-at="2023-08-16T09:52:31 IST" name="tearDown" finished-at="2023-08-16T09:52:32 IST" duration-ms="136" status="PASS">
          <reporter-output>
          </reporter-output>
        </test-method> <!-- tearDown -->
        <test-method is-config="true" signature="setUp()[pri:0, instance:com.qa.Ecommerce.tests.LoginTest@5f8edcc5]" started-at="2023-08-16T09:52:32 IST" name="setUp" finished-at="2023-08-16T09:52:35 IST" duration-ms="2994" status="PASS">
          <reporter-output>
          </reporter-output>
        </test-method> <!-- setUp -->
        <test-method signature="loginwithValidCredential(java.lang.String,java.lang.String)[pri:1, instance:com.qa.Ecommerce.tests.LoginTest@5f8edcc5]" started-at="2023-08-16T09:52:35 IST" name="loginwithValidCredential" data-provider="DataSupplier" finished-at="2023-08-16T09:52:35 IST" duration-ms="958" status="PASS">
          <params>
            <param index="0">
              <value>
                <![CDATA[Selenium9@gmail.com]]>
              </value>
            </param>
            <param index="1">
              <value>
                <![CDATA[Selenium9]]>
              </value>
            </param>
          </params>
          <reporter-output>
          </reporter-output>
        </test-method> <!-- loginwithValidCredential -->
        <test-method is-config="true" signature="tearDown()[pri:0, instance:com.qa.Ecommerce.tests.LoginTest@5f8edcc5]" started-at="2023-08-16T09:52:35 IST" name="tearDown" finished-at="2023-08-16T09:52:36 IST" duration-ms="135" status="PASS">
          <reporter-output>
          </reporter-output>
        </test-method> <!-- tearDown -->
        <test-method is-config="true" signature="setUp()[pri:0, instance:com.qa.Ecommerce.tests.LoginTest@5f8edcc5]" started-at="2023-08-16T09:52:36 IST" name="setUp" finished-at="2023-08-16T09:52:39 IST" duration-ms="2961" status="PASS">
          <reporter-output>
          </reporter-output>
        </test-method> <!-- setUp -->
        <test-method signature="loginWithInvalidCredential()[pri:2, instance:com.qa.Ecommerce.tests.LoginTest@5f8edcc5]" started-at="2023-08-16T09:52:39 IST" name="loginWithInvalidCredential" finished-at="2023-08-16T09:52:39 IST" duration-ms="787" status="PASS">
          <reporter-output>
          </reporter-output>
        </test-method> <!-- loginWithInvalidCredential -->
        <test-method is-config="true" signature="tearDown()[pri:0, instance:com.qa.Ecommerce.tests.LoginTest@5f8edcc5]" started-at="2023-08-16T09:52:39 IST" name="tearDown" finished-at="2023-08-16T09:52:39 IST" duration-ms="123" status="PASS">
          <reporter-output>
          </reporter-output>
        </test-method> <!-- tearDown -->
        <test-method is-config="true" signature="setUp()[pri:0, instance:com.qa.Ecommerce.tests.LoginTest@5f8edcc5]" started-at="2023-08-16T09:52:39 IST" name="setUp" finished-at="2023-08-16T09:52:42 IST" duration-ms="2765" status="PASS">
          <reporter-output>
          </reporter-output>
        </test-method> <!-- setUp -->
        <test-method signature="LoginInvalidEmailWithValidPassword()[pri:3, instance:com.qa.Ecommerce.tests.LoginTest@5f8edcc5]" started-at="2023-08-16T09:52:42 IST" name="LoginInvalidEmailWithValidPassword" finished-at="2023-08-16T09:52:43 IST" duration-ms="784" status="PASS">
          <reporter-output>
          </reporter-output>
        </test-method> <!-- LoginInvalidEmailWithValidPassword -->
        <test-method is-config="true" signature="tearDown()[pri:0, instance:com.qa.Ecommerce.tests.LoginTest@5f8edcc5]" started-at="2023-08-16T09:52:43 IST" name="tearDown" finished-at="2023-08-16T09:52:43 IST" duration-ms="141" status="PASS">
          <reporter-output>
          </reporter-output>
        </test-method> <!-- tearDown -->
        <test-method is-config="true" signature="setUp()[pri:0, instance:com.qa.Ecommerce.tests.LoginTest@5f8edcc5]" started-at="2023-08-16T09:52:43 IST" name="setUp" finished-at="2023-08-16T09:52:46 IST" duration-ms="2892" status="PASS">
          <reporter-output>
          </reporter-output>
        </test-method> <!-- setUp -->
        <test-method signature="loginValidEmailWithInvalidPassword()[pri:4, instance:com.qa.Ecommerce.tests.LoginTest@5f8edcc5]" started-at="2023-08-16T09:52:46 IST" name="loginValidEmailWithInvalidPassword" finished-at="2023-08-16T09:52:47 IST" duration-ms="856" status="PASS">
          <reporter-output>
          </reporter-output>
        </test-method> <!-- loginValidEmailWithInvalidPassword -->
        <test-method is-config="true" signature="tearDown()[pri:0, instance:com.qa.Ecommerce.tests.LoginTest@5f8edcc5]" started-at="2023-08-16T09:52:47 IST" name="tearDown" finished-at="2023-08-16T09:52:47 IST" duration-ms="152" status="PASS">
          <reporter-output>
          </reporter-output>
        </test-method> <!-- tearDown -->
        <test-method is-config="true" signature="setUp()[pri:0, instance:com.qa.Ecommerce.tests.LoginTest@5f8edcc5]" started-at="2023-08-16T09:52:47 IST" name="setUp" finished-at="2023-08-16T09:52:50 IST" duration-ms="3001" status="PASS">
          <reporter-output>
          </reporter-output>
        </test-method> <!-- setUp -->
        <test-method signature="loginWithoutCredential()[pri:5, instance:com.qa.Ecommerce.tests.LoginTest@5f8edcc5]" started-at="2023-08-16T09:52:50 IST" name="loginWithoutCredential" finished-at="2023-08-16T09:52:51 IST" duration-ms="462" status="PASS">
          <reporter-output>
          </reporter-output>
        </test-method> <!-- loginWithoutCredential -->
        <test-method is-config="true" signature="tearDown()[pri:0, instance:com.qa.Ecommerce.tests.LoginTest@5f8edcc5]" started-at="2023-08-16T09:52:51 IST" name="tearDown" finished-at="2023-08-16T09:52:51 IST" duration-ms="173" status="PASS">
          <reporter-output>
          </reporter-output>
        </test-method> <!-- tearDown -->
      </class> <!-- com.qa.Ecommerce.tests.LoginTest -->
      <class name="com.qa.Ecommerce.tests.RegisterTest">
        <test-method is-config="true" signature="setUp()[pri:0, instance:com.qa.Ecommerce.tests.RegisterTest@65d09a04]" started-at="2023-08-16T09:52:05 IST" name="setUp" finished-at="2023-08-16T09:52:11 IST" duration-ms="6099" status="PASS">
          <reporter-output>
          </reporter-output>
        </test-method> <!-- setUp -->
        <test-method signature="registrationWithMandatoryFields()[pri:1, instance:com.qa.Ecommerce.tests.RegisterTest@65d09a04]" started-at="2023-08-16T09:52:11 IST" name="registrationWithMandatoryFields" finished-at="2023-08-16T09:52:13 IST" duration-ms="2144" status="PASS">
          <reporter-output>
          </reporter-output>
        </test-method> <!-- registrationWithMandatoryFields -->
        <test-method is-config="true" signature="tearDown()[pri:0, instance:com.qa.Ecommerce.tests.RegisterTest@65d09a04]" started-at="2023-08-16T09:52:13 IST" name="tearDown" finished-at="2023-08-16T09:52:13 IST" duration-ms="161" status="PASS">
          <reporter-output>
          </reporter-output>
        </test-method> <!-- tearDown -->
        <test-method is-config="true" signature="setUp()[pri:0, instance:com.qa.Ecommerce.tests.RegisterTest@65d09a04]" started-at="2023-08-16T09:52:13 IST" name="setUp" finished-at="2023-08-16T09:52:16 IST" duration-ms="3022" status="PASS">
          <reporter-output>
          </reporter-output>
        </test-method> <!-- setUp -->
        <test-method signature="registerWithAllField()[pri:2, instance:com.qa.Ecommerce.tests.RegisterTest@65d09a04]" started-at="2023-08-16T09:52:16 IST" name="registerWithAllField" finished-at="2023-08-16T09:52:18 IST" duration-ms="2222" status="PASS">
          <reporter-output>
          </reporter-output>
        </test-method> <!-- registerWithAllField -->
        <test-method is-config="true" signature="tearDown()[pri:0, instance:com.qa.Ecommerce.tests.RegisterTest@65d09a04]" started-at="2023-08-16T09:52:18 IST" name="tearDown" finished-at="2023-08-16T09:52:19 IST" duration-ms="171" status="PASS">
          <reporter-output>
          </reporter-output>
        </test-method> <!-- tearDown -->
        <test-method is-config="true" signature="setUp()[pri:0, instance:com.qa.Ecommerce.tests.RegisterTest@65d09a04]" started-at="2023-08-16T09:52:19 IST" name="setUp" finished-at="2023-08-16T09:52:22 IST" duration-ms="2954" status="PASS">
          <reporter-output>
          </reporter-output>
        </test-method> <!-- setUp -->
        <test-method signature="registerWithoutEnterAnyField()[pri:3, instance:com.qa.Ecommerce.tests.RegisterTest@65d09a04]" started-at="2023-08-16T09:52:22 IST" name="registerWithoutEnterAnyField" finished-at="2023-08-16T09:52:23 IST" duration-ms="1032" status="PASS">
          <reporter-output>
          </reporter-output>
        </test-method> <!-- registerWithoutEnterAnyField -->
        <test-method is-config="true" signature="tearDown()[pri:0, instance:com.qa.Ecommerce.tests.RegisterTest@65d09a04]" started-at="2023-08-16T09:52:23 IST" name="tearDown" finished-at="2023-08-16T09:52:23 IST" duration-ms="166" status="PASS">
          <reporter-output>
          </reporter-output>
        </test-method> <!-- tearDown -->
      </class> <!-- com.qa.Ecommerce.tests.RegisterTest -->
      <class name="com.qa.Ecommerce.tests.ForgetPasswordTest">
        <test-method is-config="true" signature="setUp()[pri:0, instance:com.qa.Ecommerce.tests.ForgetPasswordTest@7b02881e]" started-at="2023-08-16T09:52:51 IST" name="setUp" finished-at="2023-08-16T09:52:55 IST" duration-ms="4498" status="PASS">
          <reporter-output>
          </reporter-output>
        </test-method> <!-- setUp -->
        <test-method signature="verifyForgetPassWorking()[pri:1, instance:com.qa.Ecommerce.tests.ForgetPasswordTest@7b02881e]" started-at="2023-08-16T09:52:55 IST" name="verifyForgetPassWorking" finished-at="2023-08-16T09:52:56 IST" duration-ms="1147" status="PASS">
          <reporter-output>
          </reporter-output>
        </test-method> <!-- verifyForgetPassWorking -->
        <test-method is-config="true" signature="tearDown()[pri:0, instance:com.qa.Ecommerce.tests.ForgetPasswordTest@7b02881e]" started-at="2023-08-16T09:52:56 IST" name="tearDown" finished-at="2023-08-16T09:52:57 IST" duration-ms="156" status="PASS">
          <reporter-output>
          </reporter-output>
        </test-method> <!-- tearDown -->
        <test-method is-config="true" signature="setUp()[pri:0, instance:com.qa.Ecommerce.tests.ForgetPasswordTest@7b02881e]" started-at="2023-08-16T09:52:57 IST" name="setUp" finished-at="2023-08-16T09:53:00 IST" duration-ms="3163" status="PASS">
          <reporter-output>
          </reporter-output>
        </test-method> <!-- setUp -->
        <test-method signature="verifyForgetPasswordWithoutExistingAccount()[pri:2, instance:com.qa.Ecommerce.tests.ForgetPasswordTest@7b02881e]" started-at="2023-08-16T09:53:00 IST" name="verifyForgetPasswordWithoutExistingAccount" finished-at="2023-08-16T09:53:01 IST" duration-ms="951" status="PASS">
          <reporter-output>
          </reporter-output>
        </test-method> <!-- verifyForgetPasswordWithoutExistingAccount -->
        <test-method is-config="true" signature="tearDown()[pri:0, instance:com.qa.Ecommerce.tests.ForgetPasswordTest@7b02881e]" started-at="2023-08-16T09:53:01 IST" name="tearDown" finished-at="2023-08-16T09:53:01 IST" duration-ms="149" status="PASS">
          <reporter-output>
          </reporter-output>
        </test-method> <!-- tearDown -->
        <test-method is-config="true" signature="setUp()[pri:0, instance:com.qa.Ecommerce.tests.ForgetPasswordTest@7b02881e]" started-at="2023-08-16T09:53:01 IST" name="setUp" finished-at="2023-08-16T09:53:04 IST" duration-ms="2741" status="PASS">
          <reporter-output>
          </reporter-output>
        </test-method> <!-- setUp -->
        <test-method signature="verifyForgetPasswordFromLoginPageColoum()[pri:3, instance:com.qa.Ecommerce.tests.ForgetPasswordTest@7b02881e]" started-at="2023-08-16T09:53:04 IST" name="verifyForgetPasswordFromLoginPageColoum" finished-at="2023-08-16T09:53:05 IST" duration-ms="1325" status="PASS">
          <reporter-output>
          </reporter-output>
        </test-method> <!-- verifyForgetPasswordFromLoginPageColoum -->
        <test-method is-config="true" signature="tearDown()[pri:0, instance:com.qa.Ecommerce.tests.ForgetPasswordTest@7b02881e]" started-at="2023-08-16T09:53:05 IST" name="tearDown" finished-at="2023-08-16T09:53:05 IST" duration-ms="156" status="PASS">
          <reporter-output>
          </reporter-output>
        </test-method> <!-- tearDown -->
      </class> <!-- com.qa.Ecommerce.tests.ForgetPasswordTest -->
      <class name="com.qa.Ecommerce.tests.SearchTest">
        <test-method is-config="true" signature="setUp()[pri:0, instance:com.qa.Ecommerce.tests.SearchTest@1ebd319f]" started-at="2023-08-16T09:53:05 IST" name="setUp" finished-at="2023-08-16T09:53:08 IST" duration-ms="2970" status="PASS">
          <reporter-output>
          </reporter-output>
        </test-method> <!-- setUp -->
        <test-method signature="searchWithExistingProduct()[pri:1, instance:com.qa.Ecommerce.tests.SearchTest@1ebd319f]" started-at="2023-08-16T09:53:08 IST" name="searchWithExistingProduct" finished-at="2023-08-16T09:53:09 IST" duration-ms="704" status="PASS">
          <reporter-output>
          </reporter-output>
        </test-method> <!-- searchWithExistingProduct -->
        <test-method is-config="true" signature="tearDown()[pri:0, instance:com.qa.Ecommerce.tests.SearchTest@1ebd319f]" started-at="2023-08-16T09:53:09 IST" name="tearDown" finished-at="2023-08-16T09:53:09 IST" duration-ms="152" status="PASS">
          <reporter-output>
          </reporter-output>
        </test-method> <!-- tearDown -->
        <test-method is-config="true" signature="setUp()[pri:0, instance:com.qa.Ecommerce.tests.SearchTest@1ebd319f]" started-at="2023-08-16T09:53:09 IST" name="setUp" finished-at="2023-08-16T09:53:12 IST" duration-ms="2787" status="PASS">
          <reporter-output>
          </reporter-output>
        </test-method> <!-- setUp -->
        <test-method signature="searchWithNonExistingProduct()[pri:2, instance:com.qa.Ecommerce.tests.SearchTest@1ebd319f]" started-at="2023-08-16T09:53:12 IST" name="searchWithNonExistingProduct" finished-at="2023-08-16T09:53:12 IST" duration-ms="611" status="PASS">
          <reporter-output>
          </reporter-output>
        </test-method> <!-- searchWithNonExistingProduct -->
        <test-method is-config="true" signature="tearDown()[pri:0, instance:com.qa.Ecommerce.tests.SearchTest@1ebd319f]" started-at="2023-08-16T09:53:12 IST" name="tearDown" finished-at="2023-08-16T09:53:12 IST" duration-ms="177" status="PASS">
          <reporter-output>
          </reporter-output>
        </test-method> <!-- tearDown -->
        <test-method is-config="true" signature="setUp()[pri:0, instance:com.qa.Ecommerce.tests.SearchTest@1ebd319f]" started-at="2023-08-16T09:53:12 IST" name="setUp" finished-at="2023-08-16T09:53:15 IST" duration-ms="2967" status="PASS">
          <reporter-output>
          </reporter-output>
        </test-method> <!-- setUp -->
        <test-method signature="searchProductAfterLogin()[pri:3, instance:com.qa.Ecommerce.tests.SearchTest@1ebd319f]" started-at="2023-08-16T09:53:15 IST" name="searchProductAfterLogin" finished-at="2023-08-16T09:53:17 IST" duration-ms="1625" status="PASS">
          <reporter-output>
          </reporter-output>
        </test-method> <!-- searchProductAfterLogin -->
        <test-method is-config="true" signature="tearDown()[pri:0, instance:com.qa.Ecommerce.tests.SearchTest@1ebd319f]" started-at="2023-08-16T09:53:17 IST" name="tearDown" finished-at="2023-08-16T09:53:17 IST" duration-ms="167" status="PASS">
          <reporter-output>
          </reporter-output>
        </test-method> <!-- tearDown -->
        <test-method is-config="true" signature="setUp()[pri:0, instance:com.qa.Ecommerce.tests.SearchTest@1ebd319f]" started-at="2023-08-16T09:53:17 IST" name="setUp" finished-at="2023-08-16T09:53:20 IST" duration-ms="3105" status="PASS">
          <reporter-output>
          </reporter-output>
        </test-method> <!-- setUp -->
        <test-method signature="searchProductWithoutProductName()[pri:4, instance:com.qa.Ecommerce.tests.SearchTest@1ebd319f]" started-at="2023-08-16T09:53:20 IST" name="searchProductWithoutProductName" finished-at="2023-08-16T09:53:21 IST" duration-ms="442" status="PASS">
          <reporter-output>
          </reporter-output>
        </test-method> <!-- searchProductWithoutProductName -->
        <test-method is-config="true" signature="tearDown()[pri:0, instance:com.qa.Ecommerce.tests.SearchTest@1ebd319f]" started-at="2023-08-16T09:53:21 IST" name="tearDown" finished-at="2023-08-16T09:53:21 IST" duration-ms="159" status="PASS">
          <reporter-output>
          </reporter-output>
        </test-method> <!-- tearDown -->
        <test-method is-config="true" signature="setUp()[pri:0, instance:com.qa.Ecommerce.tests.SearchTest@1ebd319f]" started-at="2023-08-16T09:53:21 IST" name="setUp" finished-at="2023-08-16T09:53:24 IST" duration-ms="2715" status="PASS">
          <reporter-output>
          </reporter-output>
        </test-method> <!-- setUp -->
        <test-method signature="searchBoxWithButtonAvailableonAllPage()[pri:5, instance:com.qa.Ecommerce.tests.SearchTest@1ebd319f]" started-at="2023-08-16T09:53:24 IST" name="searchBoxWithButtonAvailableonAllPage" finished-at="2023-08-16T09:53:25 IST" duration-ms="1006" status="PASS">
          <reporter-output>
          </reporter-output>
        </test-method> <!-- searchBoxWithButtonAvailableonAllPage -->
        <test-method is-config="true" signature="tearDown()[pri:0, instance:com.qa.Ecommerce.tests.SearchTest@1ebd319f]" started-at="2023-08-16T09:53:25 IST" name="tearDown" finished-at="2023-08-16T09:53:25 IST" duration-ms="160" status="PASS">
          <reporter-output>
          </reporter-output>
        </test-method> <!-- tearDown -->
      </class> <!-- com.qa.Ecommerce.tests.SearchTest -->
    </test> <!-- Test -->
  </suite> <!-- Suite -->
</testng-results>
